<?xml version="1.0" encoding="UTF-8"?>
<!-- Generated by org.testng.reporters.JUnitReportReporter -->
<testsuite hostname="Chinmay-PC" failures="0" tests="1" name="com.test.TestApplicationTitle" time="8.232" errors="0" timestamp="2023-11-04T23:00:46 IST" skipped="0">
  <testcase classname="com.test.TestApplicationTitle" name="validateTitle" time="8.232"/>
  <system-out/>
</testsuite> <!-- com.test.TestApplicationTitle -->
